Arguments: 
  /usr/local/Cellar/node@14/14.17.3/bin/node /usr/local/Cellar/yarn/1.22.10/libexec/bin/yarn.js add -D tailwindcss@latest postcss@latest autoprfixer@latest

PATH: 
  /Users/mauds15/.rvm/gems/ruby-2.7.4@jekll/bin:/Users/mauds15/.rvm/gems/ruby-2.7.4@global/bin:/Users/mauds15/.rvm/rubies/ruby-2.7.4/bin:/Users/mauds15/.rvm/bin:/usr/local/opt/openssl@1.1/bin:/usr/local/bin:/usr/bin:/bin:/usr/sbin:/sbin:/Library/Apple/usr/bin:/usr/local/opt/fzf/bin

Yarn version: 
  1.22.10

Node version: 
  14.17.3

Platform: 
  darwin x64

Trace: 
  Error: https://registry.yarnpkg.com/autoprfixer: Not found
      at Request.params.callback [as _callback] (/usr/local/Cellar/yarn/1.22.10/libexec/lib/cli.js:66988:18)
      at Request.self.callback (/usr/local/Cellar/yarn/1.22.10/libexec/lib/cli.js:140749:22)
      at Request.emit (events.js:375:28)
      at Request.<anonymous> (/usr/local/Cellar/yarn/1.22.10/libexec/lib/cli.js:141721:10)
      at Request.emit (events.js:375:28)
      at IncomingMessage.<anonymous> (/usr/local/Cellar/yarn/1.22.10/libexec/lib/cli.js:141643:12)
      at Object.onceWrapper (events.js:481:28)
      at IncomingMessage.emit (events.js:387:35)
      at endReadableNT (internal/streams/readable.js:1317:12)
      at processTicksAndRejections (internal/process/task_queues.js:82:21)

npm manifest: 
  {
    "name": "jpostv2",
    "version": "1.0.0",
    "main": "index.js",
    "author": "Maud de Vries <emcoding@pm.me>",
    "license": "MIT"
  }

yarn manifest: 
  No manifest

Lockfile: 
  No lockfile
